0 info it worked if it ends with ok
1 verbose cli [ 'C:\\Program Files\\nodejs\\node.exe',
1 verbose cli   'C:\\Program Files\\nodejs\\node_modules\\npm\\bin\\npm-cli.js',
1 verbose cli   'start' ]
2 info using npm@3.10.10
3 info using node@v6.10.0
4 verbose run-script [ 'prestart', 'start', 'poststart' ]
5 info lifecycle BookHub@0.0.1~prestart: BookHub@0.0.1
6 silly lifecycle BookHub@0.0.1~prestart: no script for prestart, continuing
7 info lifecycle BookHub@0.0.1~start: BookHub@0.0.1
8 verbose lifecycle BookHub@0.0.1~start: unsafe-perm in lifecycle true
9 verbose lifecycle BookHub@0.0.1~start: PATH: C:\Program Files\nodejs\node_modules\npm\bin\node-gyp-bin;C:\Users\John\Desktop\BookHub\node_modules\.bin;C:\Users\John\bin;C:\Program Files\Git\mingw64\bin;C:\Program Files\Git\usr\local\bin;C:\Program Files\Git\usr\bin;C:\Program Files\Git\usr\bin;C:\Program Files\Git\mingw64\bin;C:\Program Files\Git\usr\bin;C:\Users\John\bin;C:\ProgramData\Oracle\Java\javapath;C:\WINDOWS\system32;C:\WINDOWS;C:\WINDOWS\System32\Wbem;C:\WINDOWS\System32\WindowsPowerShell\v1.0;C:\RailsInstaller\Git\cmd;C:\Ruby25-x64\bin;C:\Users\John\AppData\Local\Microsoft\WindowsApps;C:\adb;C:\Program Files\nodejs;C:\xampp\php;C:\Program Files (x86)\GtkSharp\2.12\bin;C:\Program Files (x86)\Windows Live\Shared;C:\Program Files (x86)\NVIDIA Corporation\PhysX\Common;C:\WINDOWS\system32;C:\WINDOWS;C:\WINDOWS\System32\Wbem;C:\WINDOWS\System32\WindowsPowerShell\v1.0;C:\Users\John\AppData\Local\Programs\Python;C:\Users\John\Desktop\Magbanua_Corejava SE-21\workspaces\Projects\Analyzer\ffmpeg;C:\Program Files\Git\cmd;C:\RailsInstaller\Ruby2.3.3\bin;C:\RailsInstaller\Git\cmd;C:\Ruby25-x64\bin;C:\Users\John\AppData\Local\Microsoft\WindowsApps;C:\Users\John\AppData\Roaming\npm;C:\Users\John\Downloads\Compressed\php-7.0.23-Win32-VC14-x64;C:\Users\John\AppData\Local\atom\bin;C:\Program Files (x86)\Microsoft VS Code\bin;C:\OpenCV2.4.10\build\x64\vc12;C:\Users\John\Desktop\Magbanua_Corejava SE-21\AI\KS_Traffic_Analyzer-master\ffmpeg;C:\Users\John\AppData\Roaming\Composer\vendor\bin;C:\Users\John\AppData\Local\Microsoft\WindowsApps;C:\Users\John\Desktop\Magbanua_Corejava SE-21\workspaces\Projects\Analyzer\ffmpeg;C:\Users\John\AppData\Local\Programs\Python\Python36-32\Scripts;C:\Users\John\AppData\Local\Programs\Python\Python36-32;C:\Program Files\Heroku\bin;C:\Program Files\Git\usr\bin\vendor_perl;C:\Program Files\Git\usr\bin\core_perl
10 verbose lifecycle BookHub@0.0.1~start: CWD: C:\Users\John\Desktop\BookHub
11 silly lifecycle BookHub@0.0.1~start: Args: [ '/d /s /c', 'node app.js' ]
12 silly lifecycle BookHub@0.0.1~start: Returned: code: 1  signal: null
13 info lifecycle BookHub@0.0.1~start: Failed to exec start script
14 verbose stack Error: BookHub@0.0.1 start: `node app.js`
14 verbose stack Exit status 1
14 verbose stack     at EventEmitter.<anonymous> (C:\Program Files\nodejs\node_modules\npm\lib\utils\lifecycle.js:255:16)
14 verbose stack     at emitTwo (events.js:106:13)
14 verbose stack     at EventEmitter.emit (events.js:191:7)
14 verbose stack     at ChildProcess.<anonymous> (C:\Program Files\nodejs\node_modules\npm\lib\utils\spawn.js:40:14)
14 verbose stack     at emitTwo (events.js:106:13)
14 verbose stack     at ChildProcess.emit (events.js:191:7)
14 verbose stack     at maybeClose (internal/child_process.js:877:16)
14 verbose stack     at Process.ChildProcess._handle.onexit (internal/child_process.js:226:5)
15 verbose pkgid BookHub@0.0.1
16 verbose cwd C:\Users\John\Desktop\BookHub
17 error Windows_NT 10.0.16299
18 error argv "C:\\Program Files\\nodejs\\node.exe" "C:\\Program Files\\nodejs\\node_modules\\npm\\bin\\npm-cli.js" "start"
19 error node v6.10.0
20 error npm  v3.10.10
21 error code ELIFECYCLE
22 error BookHub@0.0.1 start: `node app.js`
22 error Exit status 1
23 error Failed at the BookHub@0.0.1 start script 'node app.js'.
23 error Make sure you have the latest version of node.js and npm installed.
23 error If you do, this is most likely a problem with the BookHub package,
23 error not with npm itself.
23 error Tell the author that this fails on your system:
23 error     node app.js
23 error You can get information on how to open an issue for this project with:
23 error     npm bugs BookHub
23 error Or if that isn't available, you can get their info via:
23 error     npm owner ls BookHub
23 error There is likely additional logging output above.
24 verbose exit [ 1, true ]
